C:\USERS\MATTHEW\ONEDRIVE\SCHOOL\FALL 2018\CS440\FINAL PROJECT\FINAL PROJECT\DEBUG\CANVAS.OBJ
C:\USERS\MATTHEW\ONEDRIVE\SCHOOL\FALL 2018\CS440\FINAL PROJECT\FINAL PROJECT\DEBUG\FIG2-10.OBJ
C:\USERS\MATTHEW\ONEDRIVE\SCHOOL\FALL 2018\CS440\FINAL PROJECT\FINAL PROJECT\DEBUG\VC110.PDB
C:\USERS\MATTHEW\ONEDRIVE\SCHOOL\FALL 2018\CS440\FINAL PROJECT\FINAL PROJECT\DEBUG\FIG2-10.ILK
C:\USERS\MATTHEW\ONEDRIVE\SCHOOL\FALL 2018\CS440\FINAL PROJECT\FINAL PROJECT\DEBUG\FIG2-10.EXE
C:\USERS\MATTHEW\ONEDRIVE\SCHOOL\FALL 2018\CS440\FINAL PROJECT\FINAL PROJECT\DEBUG\FIG2-10.PDB
C:\Users\Matthew\OneDrive\School\Fall 2018\CS440\Final Project\Final Project\Debug\Canvas.obj
C:\Users\Matthew\OneDrive\School\Fall 2018\CS440\Final Project\Final Project\Debug\fig2-10.obj
C:\Users\Matthew\OneDrive\School\Fall 2018\CS440\Final Project\Final Project\Debug\fig2-10.ilk
C:\Users\Matthew\OneDrive\School\Fall 2018\CS440\Final Project\Final Project\Debug\cl.command.1.tlog
C:\Users\Matthew\OneDrive\School\Fall 2018\CS440\Final Project\Final Project\Debug\CL.read.1.tlog
C:\Users\Matthew\OneDrive\School\Fall 2018\CS440\Final Project\Final Project\Debug\CL.write.1.tlog
C:\Users\Matthew\OneDrive\School\Fall 2018\CS440\Final Project\Final Project\Debug\link-cvtres.read.1.tlog
C:\Users\Matthew\OneDrive\School\Fall 2018\CS440\Final Project\Final Project\Debug\link-cvtres.write.1.tlog
C:\Users\Matthew\OneDrive\School\Fall 2018\CS440\Final Project\Final Project\Debug\link-rc.read.1.tlog
C:\Users\Matthew\OneDrive\School\Fall 2018\CS440\Final Project\Final Project\Debug\link-rc.write.1.tlog
C:\Users\Matthew\OneDrive\School\Fall 2018\CS440\Final Project\Final Project\Debug\link.10664-cvtres.read.1.tlog
C:\Users\Matthew\OneDrive\School\Fall 2018\CS440\Final Project\Final Project\Debug\link.10664-cvtres.write.1.tlog
C:\Users\Matthew\OneDrive\School\Fall 2018\CS440\Final Project\Final Project\Debug\link.10664-rc.read.1.tlog
C:\Users\Matthew\OneDrive\School\Fall 2018\CS440\Final Project\Final Project\Debug\link.10664-rc.write.1.tlog
C:\Users\Matthew\OneDrive\School\Fall 2018\CS440\Final Project\Final Project\Debug\link.10664.read.1.tlog
C:\Users\Matthew\OneDrive\School\Fall 2018\CS440\Final Project\Final Project\Debug\link.10664.write.1.tlog
C:\Users\Matthew\OneDrive\School\Fall 2018\CS440\Final Project\Final Project\Debug\link.10912-cvtres.read.1.tlog
C:\Users\Matthew\OneDrive\School\Fall 2018\CS440\Final Project\Final Project\Debug\link.10912-cvtres.write.1.tlog
C:\Users\Matthew\OneDrive\School\Fall 2018\CS440\Final Project\Final Project\Debug\link.10912-rc.read.1.tlog
C:\Users\Matthew\OneDrive\School\Fall 2018\CS440\Final Project\Final Project\Debug\link.10912-rc.write.1.tlog
C:\Users\Matthew\OneDrive\School\Fall 2018\CS440\Final Project\Final Project\Debug\link.10912.read.1.tlog
C:\Users\Matthew\OneDrive\School\Fall 2018\CS440\Final Project\Final Project\Debug\link.10912.write.1.tlog
C:\Users\Matthew\OneDrive\School\Fall 2018\CS440\Final Project\Final Project\Debug\link.12860-cvtres.read.1.tlog
C:\Users\Matthew\OneDrive\School\Fall 2018\CS440\Final Project\Final Project\Debug\link.12860-cvtres.write.1.tlog
C:\Users\Matthew\OneDrive\School\Fall 2018\CS440\Final Project\Final Project\Debug\link.12860-rc.read.1.tlog
C:\Users\Matthew\OneDrive\School\Fall 2018\CS440\Final Project\Final Project\Debug\link.12860-rc.write.1.tlog
C:\Users\Matthew\OneDrive\School\Fall 2018\CS440\Final Project\Final Project\Debug\link.12860.read.1.tlog
C:\Users\Matthew\OneDrive\School\Fall 2018\CS440\Final Project\Final Project\Debug\link.12860.write.1.tlog
C:\Users\Matthew\OneDrive\School\Fall 2018\CS440\Final Project\Final Project\Debug\link.14556-cvtres.read.1.tlog
C:\Users\Matthew\OneDrive\School\Fall 2018\CS440\Final Project\Final Project\Debug\link.14556-cvtres.write.1.tlog
C:\Users\Matthew\OneDrive\School\Fall 2018\CS440\Final Project\Final Project\Debug\link.14556-rc.read.1.tlog
C:\Users\Matthew\OneDrive\School\Fall 2018\CS440\Final Project\Final Project\Debug\link.14556-rc.write.1.tlog
C:\Users\Matthew\OneDrive\School\Fall 2018\CS440\Final Project\Final Project\Debug\link.14556.read.1.tlog
C:\Users\Matthew\OneDrive\School\Fall 2018\CS440\Final Project\Final Project\Debug\link.14556.write.1.tlog
C:\Users\Matthew\OneDrive\School\Fall 2018\CS440\Final Project\Final Project\Debug\link.16540-cvtres.read.1.tlog
C:\Users\Matthew\OneDrive\School\Fall 2018\CS440\Final Project\Final Project\Debug\link.16540-cvtres.write.1.tlog
C:\Users\Matthew\OneDrive\School\Fall 2018\CS440\Final Project\Final Project\Debug\link.16540-rc.read.1.tlog
C:\Users\Matthew\OneDrive\School\Fall 2018\CS440\Final Project\Final Project\Debug\link.16540-rc.write.1.tlog
C:\Users\Matthew\OneDrive\School\Fall 2018\CS440\Final Project\Final Project\Debug\link.16540.read.1.tlog
C:\Users\Matthew\OneDrive\School\Fall 2018\CS440\Final Project\Final Project\Debug\link.16540.write.1.tlog
C:\Users\Matthew\OneDrive\School\Fall 2018\CS440\Final Project\Final Project\Debug\link.16888-cvtres.read.1.tlog
C:\Users\Matthew\OneDrive\School\Fall 2018\CS440\Final Project\Final Project\Debug\link.16888-cvtres.write.1.tlog
C:\Users\Matthew\OneDrive\School\Fall 2018\CS440\Final Project\Final Project\Debug\link.16888-rc.read.1.tlog
C:\Users\Matthew\OneDrive\School\Fall 2018\CS440\Final Project\Final Project\Debug\link.16888-rc.write.1.tlog
C:\Users\Matthew\OneDrive\School\Fall 2018\CS440\Final Project\Final Project\Debug\link.16888.read.1.tlog
C:\Users\Matthew\OneDrive\School\Fall 2018\CS440\Final Project\Final Project\Debug\link.16888.write.1.tlog
C:\Users\Matthew\OneDrive\School\Fall 2018\CS440\Final Project\Final Project\Debug\link.18212-cvtres.read.1.tlog
C:\Users\Matthew\OneDrive\School\Fall 2018\CS440\Final Project\Final Project\Debug\link.18212-cvtres.write.1.tlog
C:\Users\Matthew\OneDrive\School\Fall 2018\CS440\Final Project\Final Project\Debug\link.18212-rc.read.1.tlog
C:\Users\Matthew\OneDrive\School\Fall 2018\CS440\Final Project\Final Project\Debug\link.18212-rc.write.1.tlog
C:\Users\Matthew\OneDrive\School\Fall 2018\CS440\Final Project\Final Project\Debug\link.18212.read.1.tlog
C:\Users\Matthew\OneDrive\School\Fall 2018\CS440\Final Project\Final Project\Debug\link.18212.write.1.tlog
C:\Users\Matthew\OneDrive\School\Fall 2018\CS440\Final Project\Final Project\Debug\link.204-cvtres.read.1.tlog
C:\Users\Matthew\OneDrive\School\Fall 2018\CS440\Final Project\Final Project\Debug\link.204-cvtres.write.1.tlog
C:\Users\Matthew\OneDrive\School\Fall 2018\CS440\Final Project\Final Project\Debug\link.204-rc.read.1.tlog
C:\Users\Matthew\OneDrive\School\Fall 2018\CS440\Final Project\Final Project\Debug\link.204-rc.write.1.tlog
C:\Users\Matthew\OneDrive\School\Fall 2018\CS440\Final Project\Final Project\Debug\link.204.read.1.tlog
C:\Users\Matthew\OneDrive\School\Fall 2018\CS440\Final Project\Final Project\Debug\link.204.write.1.tlog
C:\Users\Matthew\OneDrive\School\Fall 2018\CS440\Final Project\Final Project\Debug\link.2148-cvtres.read.1.tlog
C:\Users\Matthew\OneDrive\School\Fall 2018\CS440\Final Project\Final Project\Debug\link.2148-cvtres.write.1.tlog
C:\Users\Matthew\OneDrive\School\Fall 2018\CS440\Final Project\Final Project\Debug\link.2148-rc.read.1.tlog
C:\Users\Matthew\OneDrive\School\Fall 2018\CS440\Final Project\Final Project\Debug\link.2148-rc.write.1.tlog
C:\Users\Matthew\OneDrive\School\Fall 2018\CS440\Final Project\Final Project\Debug\link.2148.read.1.tlog
C:\Users\Matthew\OneDrive\School\Fall 2018\CS440\Final Project\Final Project\Debug\link.2148.write.1.tlog
C:\Users\Matthew\OneDrive\School\Fall 2018\CS440\Final Project\Final Project\Debug\link.2628-cvtres.read.1.tlog
C:\Users\Matthew\OneDrive\School\Fall 2018\CS440\Final Project\Final Project\Debug\link.2628-cvtres.write.1.tlog
C:\Users\Matthew\OneDrive\School\Fall 2018\CS440\Final Project\Final Project\Debug\link.2628-rc.read.1.tlog
C:\Users\Matthew\OneDrive\School\Fall 2018\CS440\Final Project\Final Project\Debug\link.2628-rc.write.1.tlog
C:\Users\Matthew\OneDrive\School\Fall 2018\CS440\Final Project\Final Project\Debug\link.2628.read.1.tlog
C:\Users\Matthew\OneDrive\School\Fall 2018\CS440\Final Project\Final Project\Debug\link.2628.write.1.tlog
C:\Users\Matthew\OneDrive\School\Fall 2018\CS440\Final Project\Final Project\Debug\link.3252-cvtres.read.1.tlog
C:\Users\Matthew\OneDrive\School\Fall 2018\CS440\Final Project\Final Project\Debug\link.3252-cvtres.write.1.tlog
C:\Users\Matthew\OneDrive\School\Fall 2018\CS440\Final Project\Final Project\Debug\link.3252-rc.read.1.tlog
C:\Users\Matthew\OneDrive\School\Fall 2018\CS440\Final Project\Final Project\Debug\link.3252-rc.write.1.tlog
C:\Users\Matthew\OneDrive\School\Fall 2018\CS440\Final Project\Final Project\Debug\link.3252.read.1.tlog
C:\Users\Matthew\OneDrive\School\Fall 2018\CS440\Final Project\Final Project\Debug\link.3252.write.1.tlog
C:\Users\Matthew\OneDrive\School\Fall 2018\CS440\Final Project\Final Project\Debug\link.5688-cvtres.read.1.tlog
C:\Users\Matthew\OneDrive\School\Fall 2018\CS440\Final Project\Final Project\Debug\link.5688-cvtres.write.1.tlog
C:\Users\Matthew\OneDrive\School\Fall 2018\CS440\Final Project\Final Project\Debug\link.5688-rc.read.1.tlog
C:\Users\Matthew\OneDrive\School\Fall 2018\CS440\Final Project\Final Project\Debug\link.5688-rc.write.1.tlog
C:\Users\Matthew\OneDrive\School\Fall 2018\CS440\Final Project\Final Project\Debug\link.5688.read.1.tlog
C:\Users\Matthew\OneDrive\School\Fall 2018\CS440\Final Project\Final Project\Debug\link.5688.write.1.tlog
C:\Users\Matthew\OneDrive\School\Fall 2018\CS440\Final Project\Final Project\Debug\link.6644-cvtres.read.1.tlog
C:\Users\Matthew\OneDrive\School\Fall 2018\CS440\Final Project\Final Project\Debug\link.6644-cvtres.write.1.tlog
C:\Users\Matthew\OneDrive\School\Fall 2018\CS440\Final Project\Final Project\Debug\link.6644-rc.read.1.tlog
C:\Users\Matthew\OneDrive\School\Fall 2018\CS440\Final Project\Final Project\Debug\link.6644-rc.write.1.tlog
C:\Users\Matthew\OneDrive\School\Fall 2018\CS440\Final Project\Final Project\Debug\link.6644.read.1.tlog
C:\Users\Matthew\OneDrive\School\Fall 2018\CS440\Final Project\Final Project\Debug\link.6644.write.1.tlog
C:\Users\Matthew\OneDrive\School\Fall 2018\CS440\Final Project\Final Project\Debug\link.7280-cvtres.read.1.tlog
C:\Users\Matthew\OneDrive\School\Fall 2018\CS440\Final Project\Final Project\Debug\link.7280-cvtres.write.1.tlog
C:\Users\Matthew\OneDrive\School\Fall 2018\CS440\Final Project\Final Project\Debug\link.7280-rc.read.1.tlog
C:\Users\Matthew\OneDrive\School\Fall 2018\CS440\Final Project\Final Project\Debug\link.7280-rc.write.1.tlog
C:\Users\Matthew\OneDrive\School\Fall 2018\CS440\Final Project\Final Project\Debug\link.7280.read.1.tlog
C:\Users\Matthew\OneDrive\School\Fall 2018\CS440\Final Project\Final Project\Debug\link.7280.write.1.tlog
C:\Users\Matthew\OneDrive\School\Fall 2018\CS440\Final Project\Final Project\Debug\link.8660-cvtres.read.1.tlog
C:\Users\Matthew\OneDrive\School\Fall 2018\CS440\Final Project\Final Project\Debug\link.8660-cvtres.write.1.tlog
C:\Users\Matthew\OneDrive\School\Fall 2018\CS440\Final Project\Final Project\Debug\link.8660-rc.read.1.tlog
C:\Users\Matthew\OneDrive\School\Fall 2018\CS440\Final Project\Final Project\Debug\link.8660-rc.write.1.tlog
C:\Users\Matthew\OneDrive\School\Fall 2018\CS440\Final Project\Final Project\Debug\link.8660.read.1.tlog
C:\Users\Matthew\OneDrive\School\Fall 2018\CS440\Final Project\Final Project\Debug\link.8660.write.1.tlog
C:\Users\Matthew\OneDrive\School\Fall 2018\CS440\Final Project\Final Project\Debug\link.9192-cvtres.read.1.tlog
C:\Users\Matthew\OneDrive\School\Fall 2018\CS440\Final Project\Final Project\Debug\link.9192-cvtres.write.1.tlog
C:\Users\Matthew\OneDrive\School\Fall 2018\CS440\Final Project\Final Project\Debug\link.9192-rc.read.1.tlog
C:\Users\Matthew\OneDrive\School\Fall 2018\CS440\Final Project\Final Project\Debug\link.9192-rc.write.1.tlog
C:\Users\Matthew\OneDrive\School\Fall 2018\CS440\Final Project\Final Project\Debug\link.9192.read.1.tlog
C:\Users\Matthew\OneDrive\School\Fall 2018\CS440\Final Project\Final Project\Debug\link.9192.write.1.tlog
C:\Users\Matthew\OneDrive\School\Fall 2018\CS440\Final Project\Final Project\Debug\link.9904-cvtres.read.1.tlog
C:\Users\Matthew\OneDrive\School\Fall 2018\CS440\Final Project\Final Project\Debug\link.9904-cvtres.write.1.tlog
C:\Users\Matthew\OneDrive\School\Fall 2018\CS440\Final Project\Final Project\Debug\link.9904-rc.read.1.tlog
C:\Users\Matthew\OneDrive\School\Fall 2018\CS440\Final Project\Final Project\Debug\link.9904-rc.write.1.tlog
C:\Users\Matthew\OneDrive\School\Fall 2018\CS440\Final Project\Final Project\Debug\link.9904.read.1.tlog
C:\Users\Matthew\OneDrive\School\Fall 2018\CS440\Final Project\Final Project\Debug\link.9904.write.1.tlog
C:\Users\Matthew\OneDrive\School\Fall 2018\CS440\Final Project\Final Project\Debug\link.command.1.tlog
C:\Users\Matthew\OneDrive\School\Fall 2018\CS440\Final Project\Final Project\Debug\link.read.1.tlog
C:\Users\Matthew\OneDrive\School\Fall 2018\CS440\Final Project\Final Project\Debug\link.write.1.tlog
C:\Users\Matthew\OneDrive\School\Fall 2018\CS440\Final Project\Final Project\Debug\vc110.idb
C:\Users\Matthew\OneDrive\School\Fall 2018\CS440\Final Project\Final Project\Debug\fig2-10.pdb
C:\Users\Matthew\OneDrive\School\Fall 2018\CS440\Final Project\Final Project\Debug\vc110.pdb
C:\Users\Matthew\OneDrive\School\Fall 2018\CS440\Final Project\Final Project\.\Debug\fig2-10.exe
